C51 COMPILER V9.59.0.0   CKY                                                               03/25/2020 20:53:59 PAGE 1   


C51 COMPILER V9.59.0.0, COMPILATION OF MODULE CKY
OBJECT MODULE PLACED IN .\Objects\cky.obj
COMPILER INVOKED BY: C:\Keil_v5\C51\BIN\C51.EXE cky.c OPTIMIZE(8,SPEED) BROWSE DEBUG OBJECTEXTEND PRINT(.\Listings\cky.l
                    -st) TABS(2) OBJECT(.\Objects\cky.obj)

line level    source

   1          /*
   2          #include<reg52.h>
   3          #define uint unsigned int
   4          //sbit p1_1=P1^0;
   5          //sbit p1_2=P1^1;
   6          void main()
   7          {
   8            
   9          uint i,a;
  10            a=20000;
  11            while(1)
  12            {
  13              P1=0x7f;
  14              for(i=0;i<a;i++);
  15              P1=0xbf;
  16              for(i=0;i<a;i++);
  17              P1=0xdf;
  18              for(i=0;i<a;i++);
  19              P1=0xef;
  20              for(i=0;i<a;i++);
  21              P1=0xf7;
  22              for(i=0;i<a;i++);
  23              P1=0xfb;
  24              for(i=0;i<a;i++);
  25              P1=0xfd;
  26              for(i=0;i<a;i++);
  27              P1=0xf;
  28              for(i=0;i<a;i++);
  29            }
  30          }
  31          */
  32          
  33          #include<reg52.h>
  34          #define uint unsigned int
  35          //sbit p1_1=P1^0;
  36          //sbit p1_2=P1^1;
  37          void main()
  38          {
  39   1        
  40   1      uint i,a;
  41   1        a=20000;
  42   1        while(1)
  43   1        {
  44   2          P1=0x7f;
  45   2          for(i=0;i<a;i++);
  46   2          P1=0xbf;
  47   2          for(i=0;i<a;i++);
  48   2          P1=0xdf;
  49   2          for(i=0;i<a;i++);
  50   2          P1=0xef;
  51   2          for(i=0;i<a;i++);
  52   2          P1=0xf7;
  53   2          for(i=0;i<a;i++);
  54   2          P1=0xfb;
C51 COMPILER V9.59.0.0   CKY                                                               03/25/2020 20:53:59 PAGE 2   

  55   2          for(i=0;i<a;i++);
  56   2          P1=0xfd;
  57   2          for(i=0;i<a;i++);
  58   2          P1=0xfe;
  59   2          for(i=0;i<a;i++);
  60   2          P1=0xfd;
  61   2          for(i=0;i<a;i++);
  62   2          P1=0xfb;
  63   2          for(i=0;i<a;i++);
  64   2          P1=0xf7;
  65   2          for(i=0;i<a;i++);
  66   2          P1=0xef;
  67   2          for(i=0;i<a;i++);
  68   2          P1=0xdf;
  69   2          for(i=0;i<a;i++);
  70   2          P1=0xbf;
  71   2          for(i=0;i<a;i++);
  72   2        }
  73   1      }


MODULE INFORMATION:   STATIC OVERLAYABLE
   CODE SIZE        =    287    ----
   CONSTANT SIZE    =   ----    ----
   XDATA SIZE       =   ----    ----
   PDATA SIZE       =   ----    ----
   DATA SIZE        =   ----    ----
   IDATA SIZE       =   ----    ----
   BIT SIZE         =   ----    ----
END OF MODULE INFORMATION.


C51 COMPILATION COMPLETE.  0 WARNING(S),  0 ERROR(S)
