C51 COMPILER V9.59.0.0   FMQ                                                               04/08/2020 14:36:00 PAGE 1   


C51 COMPILER V9.59.0.0, COMPILATION OF MODULE FMQ
OBJECT MODULE PLACED IN .\Objects\fmq.obj
COMPILER INVOKED BY: C:\Keil_v5\C51\BIN\C51.EXE fmq.c OPTIMIZE(8,SPEED) BROWSE DEBUG OBJECTEXTEND PRINT(.\Listings\fmq.l
                    -st) TABS(2) OBJECT(.\Objects\fmq.obj)

line level    source

   1          #include<reg52.h>
   2          #include<intrins.h>
   3          #define uint unsigned int
   4          #define uchar unsigned char
   5          uchar temp;
   6          sbit bell=P2^3;
   7          void beep(uchar);
   8          void delay(uint a);
   9          void main()
  10            {
  11   1          uchar m;
  12   1          temp=0xfe;
  13   1          while(1)
  14   1          {
  15   2          for(m=0;m<7;m++)
  16   2          {
  17   3            P1=temp;
  18   3            beep(0);
  19   3            delay(200);
  20   3            beep(1);
  21   3            P1=0xff;
  22   3            delay(200);
  23   3            temp=_crol_(temp,1);//rolling to left
  24   3          }
  25   2          temp=0x7f;
  26   2          for(m=0;m<7;m++)
  27   2          {
  28   3            P1=temp;
  29   3            beep(0);
  30   3            delay(200);
  31   3            beep(1);
  32   3            P1=0xff;
  33   3            delay(200);
  34   3            temp=_cror_(temp,1);//rolling to right
  35   3          }
  36   2          beep(0);
  37   2          delay(500);
  38   2          beep(1);
  39   2        }
  40   1      }
  41          void delay(uint a)
  42          {
  43   1          uint i,j;
  44   1          for(i=a;i>0;i--)
  45   1            for(j=114;j>0;j--);
  46   1      }
  47          
  48          void beep(uchar a)
  49          {
  50   1        uchar k;
  51   1        if(a==0)
  52   1        {
  53   2          for(k=0;k<200;k++)
  54   2          {
C51 COMPILER V9.59.0.0   FMQ                                                               04/08/2020 14:36:00 PAGE 2   

  55   3            bell = ~bell;
  56   3            delay(1);
  57   3          }
  58   2        }
  59   1        else if(a==1)bell = 1;
  60   1      }


MODULE INFORMATION:   STATIC OVERLAYABLE
   CODE SIZE        =    199    ----
   CONSTANT SIZE    =   ----    ----
   XDATA SIZE       =   ----    ----
   PDATA SIZE       =   ----    ----
   DATA SIZE        =      1       1
   IDATA SIZE       =   ----    ----
   BIT SIZE         =   ----    ----
END OF MODULE INFORMATION.


C51 COMPILATION COMPLETE.  0 WARNING(S),  0 ERROR(S)
