C51 COMPILER V9.59.0.0   SMG                                                               04/29/2020 11:39:57 PAGE 1   


C51 COMPILER V9.59.0.0, COMPILATION OF MODULE SMG
OBJECT MODULE PLACED IN .\Objects\smg.obj
COMPILER INVOKED BY: C:\Keil_v5\C51\BIN\C51.EXE smg.c OPTIMIZE(8,SPEED) BROWSE DEBUG OBJECTEXTEND PRINT(.\Listings\smg.l
                    -st) TABS(2) OBJECT(.\Objects\smg.obj)

line level    source

   1          #include<reg52.h>
   2          #define uint unsigned int
   3            unsigned char temp,i;
   4          void delay(uint a);
   5          void main()
   6            {
   7   1          temp=0x01;
   8   1          
   9   1          while(1)
  10   1          {
  11   2            
  12   2              for(i=0;i<8;i++,temp=temp>>1-i)
  13   2              {
  14   3                P1=temp;
  15   3                delay(300);
  16   3              }
  17   2            }
  18   1          }
  19            
  20          
  21          void delay(uint a)
  22          {
  23   1          uint i,j;
  24   1          for(i=a;i>0;i--)
  25   1            for(j=114;j>0;j--);
  26   1      }


MODULE INFORMATION:   STATIC OVERLAYABLE
   CODE SIZE        =     79    ----
   CONSTANT SIZE    =   ----    ----
   XDATA SIZE       =   ----    ----
   PDATA SIZE       =   ----    ----
   DATA SIZE        =      2    ----
   IDATA SIZE       =   ----    ----
   BIT SIZE         =   ----    ----
END OF MODULE INFORMATION.


C51 COMPILATION COMPLETE.  0 WARNING(S),  0 ERROR(S)
