C51 COMPILER V9.59.0.0   DSS                                                               04/01/2020 11:39:58 PAGE 1   


C51 COMPILER V9.59.0.0, COMPILATION OF MODULE DSS
OBJECT MODULE PLACED IN .\Objects\dss.obj
COMPILER INVOKED BY: C:\Keil_v5\C51\BIN\C51.EXE dss.c OPTIMIZE(8,SPEED) BROWSE DEBUG OBJECTEXTEND PRINT(.\Listings\dss.l
                    -st) TABS(2) OBJECT(.\Objects\dss.obj)

line level    source

   1          #include<reg52.h>
   2          #define uint unsigned int
   3          uint i,j;
   4          void delay(uint a);
   5          void main()
   6          {
   7   1      while(1)
   8   1      {
   9   2          P1=0xfc;
  10   2          delay(200);
  11   2          P1=0xf3;
  12   2          delay(200);
  13   2          P1=0xcf;
  14   2          delay(200);
  15   2          P1=0x3f;
  16   2          delay(200);
  17   2      //    while(1)
  18   2        //  P1=0xff;
  19   2      }
  20   1      }
  21          
  22            void delay(uint a)
  23            {
  24   1          for(i=a;i>0;i--)
  25   1            for(j=114;j>0;j--);
  26   1        }


MODULE INFORMATION:   STATIC OVERLAYABLE
   CODE SIZE        =     76    ----
   CONSTANT SIZE    =   ----    ----
   XDATA SIZE       =   ----    ----
   PDATA SIZE       =   ----    ----
   DATA SIZE        =      4    ----
   IDATA SIZE       =   ----    ----
   BIT SIZE         =   ----    ----
END OF MODULE INFORMATION.


C51 COMPILATION COMPLETE.  0 WARNING(S),  0 ERROR(S)
