C51 COMPILER V9.59.0.0   LSD                                                               04/29/2020 09:18:46 PAGE 1   


C51 COMPILER V9.59.0.0, COMPILATION OF MODULE LSD
OBJECT MODULE PLACED IN .\Objects\lsd.obj
COMPILER INVOKED BY: C:\Keil_v5\C51\BIN\C51.EXE lsd.c OPTIMIZE(8,SPEED) BROWSE DEBUG OBJECTEXTEND PRINT(.\Listings\lsd.l
                    -st) TABS(2) OBJECT(.\Objects\lsd.obj)

line level    source

   1          #include<reg52.h>
   2          #include<intrins.h>
   3          #define uint unsigned int
   4          void delay(uint a);
   5          void main()
   6            {
   7   1          
   8   1          unsigned char temp,i;
   9   1          while(1)
  10   1          {
  11   2            
  12   2            for(i=0;i<8;i++)
  13   2            {temp=0x01;
  14   3              temp=_crol_(temp,i);
  15   3              P1=temp;
  16   3              delay(300);
  17   3            }
  18   2            for(i=0;i<8;i++)
  19   2            {temp=0x01;
  20   3              temp=_cror_(temp,i);
  21   3              P1=temp;
  22   3              delay(300);
  23   3            }
  24   2          }
  25   1        }
  26          
  27          void delay(uint a)
  28          {
  29   1          uint i,j;
  30   1          for(i=a;i>0;i--)
  31   1            for(j=114;j>0;j--);
  32   1      }


MODULE INFORMATION:   STATIC OVERLAYABLE
   CODE SIZE        =    108    ----
   CONSTANT SIZE    =   ----    ----
   XDATA SIZE       =   ----    ----
   PDATA SIZE       =   ----    ----
   DATA SIZE        =   ----       2
   IDATA SIZE       =   ----    ----
   BIT SIZE         =   ----    ----
END OF MODULE INFORMATION.


C51 COMPILATION COMPLETE.  0 WARNING(S),  0 ERROR(S)
