C51 COMPILER V9.59.0.0   TXRX                                                              06/24/2020 12:49:40 PAGE 1   


C51 COMPILER V9.59.0.0, COMPILATION OF MODULE TXRX
OBJECT MODULE PLACED IN .\Objects\txrx.obj
COMPILER INVOKED BY: C:\Keil_v5\C51\BIN\C51.EXE txrx.c OPTIMIZE(8,SPEED) BROWSE DEBUG OBJECTEXTEND PRINT(.\Listings\txrx
                    -.lst) TABS(2) OBJECT(.\Objects\txrx.obj)

line level    source

   1          #include "reg52.h"
   2          
   3          #include<intrins.h>//??????????,?????????
   4          
   5          typedef unsigned int u16;  //???????????
   6          
   7          typedef unsigned char u8;
   8          
   9          void delayms(u16); 
  10          
  11          void main()
  12          
  13          {
  14   1      
  15   1      u8 i;
  16   1      
  17   1      P1=0x01;  //????                                            
  18   1      
  19   1      delayms(300); 
  20   1      
  21   1      while(1)
  22   1      
  23   1      {
  24   2      
  25   2      for(i=0;i<7;i++) 
  26   2      
  27   2      {
  28   3      
  29   3      P1=_crol_(P1,1);//????:                                       
  30   3      
  31   3      delayms(300);
  32   3      
  33   3      }
  34   2      
  35   2      for(i=0;i<7;i++)
  36   2      
  37   2      {
  38   3      
  39   3      P1=_cror_(P1,1);//????:                                       
  40   3      
  41   3      delayms(300); 
  42   3      
  43   3      }
  44   2      
  45   2      }
  46   1      
  47   1      }
  48          
  49          
  50          
  51          void delayms(u16 x)
  52          
  53          {
  54   1      
C51 COMPILER V9.59.0.0   TXRX                                                              06/24/2020 12:49:40 PAGE 2   

  55   1      u16 i,j; 
  56   1      
  57   1      for(i=x;i>0;i--)                           
  58   1      
  59   1      for(j=110;j>0;j--);
  60   1      
  61   1      }


MODULE INFORMATION:   STATIC OVERLAYABLE
   CODE SIZE        =    106    ----
   CONSTANT SIZE    =   ----    ----
   XDATA SIZE       =   ----    ----
   PDATA SIZE       =   ----    ----
   DATA SIZE        =   ----       1
   IDATA SIZE       =   ----    ----
   BIT SIZE         =   ----    ----
END OF MODULE INFORMATION.


C51 COMPILATION COMPLETE.  0 WARNING(S),  0 ERROR(S)
