C51 COMPILER V9.59.0.0   ZD                                                                11/11/2023 21:34:44 PAGE 1   


C51 COMPILER V9.59.0.0, COMPILATION OF MODULE ZD
OBJECT MODULE PLACED IN .\Objects\zd.obj
COMPILER INVOKED BY: C:\Keil_v5\C51\BIN\C51.EXE zd.c BROWSE DEBUG OBJECTEXTEND PRINT(.\Listings\zd.lst) TABS(2) OBJECT(.
                    -\Objects\zd.obj)

line level    source

   1          #include<reg52.h>
   2          #define uchar unsigned char
   3          #define uint unsigned int
   4          sbit dula = P2^6;
   5          sbit wela = P2^7;
   6          uchar code table[]={0x3f,0x06,0x5b,0x4f,0x66,0x6d,0x7d,0x07,0x7f,0x6f,0x77,0x7c,0x39,0x5e,0x79,0x71,0x76,0
             -xf3,0x38,0x00,0x40};
   7          uchar code loc[]={0xfe,0xfd,0xfb,0xf7,0xef,0xdf,0xc0};
   8          void num_display(uint,uint);
   9          void display(uint,uint);
  10          void delay_ms(uint);
  11          uchar num;
  12          uchar num1;
  13          uchar sec;
  14          uchar sec1;
  15          uchar min;
  16          void main()
  17          { 
  18   1        num=0;
  19   1        num1=0;
  20   1        sec=0;
  21   1        sec1=0;
  22   1        min=0;  
  23   1       TH1=(65536-46080)/256;
  24   1       TL1=(65536-46080)%256;
  25   1       TMOD=0x11;
  26   1       EA=1;
  27   1       ET0=1;
  28   1       ET1=1;
  29   1       TR0=1;
  30   1       TR1=1;
  31   1       while(1)
  32   1       {
  33   2         if(min)
  34   2        {
  35   3        num_display(1,min);
  36   3        display(2,20);  
  37   3        }
  38   2        num_display(4,sec);
  39   2        num_display(5,sec1);
  40   2       } 
  41   1      }
  42          void T1_time()interrupt 3
  43          {
  44   1        
  45   1       TH1=(65536-46080)/256;
  46   1       TL1=(65536-46080)%256;
  47   1        num++;
  48   1      
  49   1        if(num==20)
  50   1        {
  51   2        num=0;
  52   2        sec++;
  53   2        if(sec==60)
C51 COMPILER V9.59.0.0   ZD                                                                11/11/2023 21:34:44 PAGE 2   

  54   2      {sec=0;
  55   3      min++;
  56   3      if(min==60)min=0;
  57   3      }
  58   2       }
  59   1      }
  60          
  61          void T0_time()interrupt 1
  62          {
  63   1        
  64   1       TH0=(65536-46080)/256;
  65   1       TL0=(65536-46080)%256;
  66   1        num1++;
  67   1        if(num1==2)
  68   1        {
  69   2        sec1++;
  70   2        if(sec1==10)sec1=0;
  71   2        num1=0;
  72   2       }
  73   1      }
  74          
  75          
  76          
  77          void delay_ms(uint a)
  78          {
  79   1        uint i;
  80   1        uint j;
  81   1        for(i=a;i>0;i--)
  82   1        for(j=114;j>0;j--);
  83   1      }
  84          
  85          void display(uint a,uint b)//³Â¿ÂÓî
  86          {
  87   1        P0=0xff;
  88   1        wela=1;
  89   1        P0=loc[a];
  90   1        wela=0;
  91   1        P0=0x00;
  92   1        dula=1;
  93   1        P0=table[b];
  94   1        dula=0;
  95   1        delay_ms(2);
  96   1      }
  97          
  98          void num_display(uint a,uint b)
  99          {
 100   1        
 101   1        if(b<10)
 102   1        {
 103   2        P0=0xff;
 104   2        wela=1;
 105   2        P0=loc[a+1];
 106   2        wela=0;
 107   2        P0=0x00;
 108   2        dula=1;
 109   2        P0=table[19];
 110   2        dula=0;
 111   2        delay_ms(2);  
 112   2          
 113   2        P0=0xff;
 114   2        wela=1;
 115   2        P0=loc[a];
C51 COMPILER V9.59.0.0   ZD                                                                11/11/2023 21:34:44 PAGE 3   

 116   2        wela=0;
 117   2        P0=0x00;
 118   2        dula=1;
 119   2        P0=table[b];
 120   2        dula=0;
 121   2        delay_ms(2);
 122   2        }
 123   1        if(b>=10)
 124   1        {
 125   2        P0=0xff;
 126   2        wela=1;
 127   2        P0=loc[a];
 128   2        wela=0;
 129   2        P0=0x00;
 130   2        dula=1;
 131   2        P0=table[b%10];
 132   2        dula=0;
 133   2        delay_ms(2);
 134   2          
 135   2        P0=0xff;
 136   2        wela=1;
 137   2        P0=loc[a-1];
 138   2        wela=0;
 139   2        P0=0x00;
 140   2        dula=1;
 141   2        P0=table[b/10];
 142   2        dula=0;
 143   2        delay_ms(2);
 144   2        }
 145   1      }


MODULE INFORMATION:   STATIC OVERLAYABLE
   CODE SIZE        =    437    ----
   CONSTANT SIZE    =     28    ----
   XDATA SIZE       =   ----    ----
   PDATA SIZE       =   ----    ----
   DATA SIZE        =      5       2
   IDATA SIZE       =   ----    ----
   BIT SIZE         =   ----    ----
END OF MODULE INFORMATION.


C51 COMPILATION COMPLETE.  0 WARNING(S),  0 ERROR(S)
